<?xml version="1.0" encoding="UTF-8"?>
<testsuites name="jest tests" tests="5" failures="0" errors="0" time="2.972">
  <testsuite name="Human.test.ts" errors="0" failures="0" skipped="0" timestamp="2024-05-16T18:07:56" time="2.871" tests="5">
    <testcase classname="POST /human should create a new human" name="POST /human should create a new human" time="0.06">
    </testcase>
    <testcase classname="GET /human/:id should retrieve a human by id" name="GET /human/:id should retrieve a human by id" time="0.022">
    </testcase>
    <testcase classname="PUT /human/:id should update a human by id" name="PUT /human/:id should update a human by id" time="0.02">
    </testcase>
    <testcase classname="DELETE /human/:id should delete a human by id" name="DELETE /human/:id should delete a human by id" time="0.021">
    </testcase>
    <testcase classname="POST /human should create a new human" name="POST /human should create a new human" time="0.008">
    </testcase>
  </testsuite>
</testsuites>